<?xml version="1.0" encoding="UTF-8"?>
<!-- Generated by org.testng.reporters.JUnitReportReporter -->
<testsuite hostname="DESKTOP-656S8GB" failures="0" tests="1" name="Practice.NewTestPractice" time="9.109" errors="0" timestamp="2022-05-10T21:55:05 IST" skipped="0">
  <testcase classname="Practice.NewTestPractice" name="f" time="9.109"/>
  <system-out/>
</testsuite> <!-- Practice.NewTestPractice -->
